[01m[K/home/orin/Prototype_Military/prototype_military/src/prototype_motor/src/nurimotor_control.cpp:4:10:[m[K [01;31m[Kfatal error: [m[Knav_msgs/nav_msgs/odometry.hpp: No such file or directory
    4 | #include [01;31m[K"nav_msgs/nav_msgs/odometry.hpp"[m[K
      |          [01;31m[K^~~~~~~~~~~~~~~~~~~~~~~~~~~~~~~~[m[K
compilation terminated.
gmake[2]: *** [CMakeFiles/nurimotor.dir/build.make:76: CMakeFiles/nurimotor.dir/src/nurimotor_control.cpp.o] Error 1
gmake[1]: *** [CMakeFiles/Makefile2:137: CMakeFiles/nurimotor.dir/all] Error 2
gmake: *** [Makefile:146: all] Error 2
