[01m[K/home/orin/Prototype_Military/prototype_military/src/prototype_motor/src/nurimotor_control.cpp:[m[K In member function â€˜[01m[Kvoid MotorControlNode::velocity_callback(geometry_msgs::msg::Twist_<std::allocator<void> >::SharedPtr)[m[Kâ€™:
[01m[K/home/orin/Prototype_Military/prototype_military/src/prototype_motor/src/nurimotor_control.cpp:39:30:[m[K [01;31m[Kerror: [m[Kexpected primary-expression before â€˜[01m[K>[m[Kâ€™ token
   39 |         if (linear_velocity =[01;31m[K>[m[K0){
      |                              [01;31m[K^[m[K
[01m[K/home/orin/Prototype_Military/prototype_military/src/prototype_motor/src/nurimotor_control.cpp:[m[K In function â€˜[01m[Kint main(int, char**)[m[Kâ€™:
[01m[K/home/orin/Prototype_Military/prototype_military/src/prototype_motor/src/nurimotor_control.cpp:82:29:[m[K [01;31m[Kerror: [m[Kexpected â€˜[01m[K;[m[Kâ€™ before â€˜[01m[Kreturn[m[Kâ€™
   82 |     rclcpp::init(argc, argv)
      |                             [01;31m[K^[m[K
      |                             [32m[K;[m[K
   83 |     [32m[Kreturn[m[K 0;
      |     [32m[K~~~~~~[m[K                   
gmake[2]: *** [CMakeFiles/nurimotor.dir/build.make:76: CMakeFiles/nurimotor.dir/src/nurimotor_control.cpp.o] Error 1
gmake[1]: *** [CMakeFiles/Makefile2:137: CMakeFiles/nurimotor.dir/all] Error 2
gmake: *** [Makefile:146: all] Error 2
