[0.029s] Invoking command in '/home/orin/Prototype_Military/prototype_military/build/prototype_motor': CMAKE_PREFIX_PATH=/opt/ros/humble /usr/bin/cmake /home/orin/Prototype_Military/prototype_military/src/prototype_motor -DCMAKE_INSTALL_PREFIX=/home/orin/Prototype_Military/prototype_military/install/prototype_motor
[0.043s] -- Found ament_cmake: 1.3.10 (/opt/ros/humble/share/ament_cmake/cmake)
[0.278s] -- Found rclcpp: 16.0.10 (/opt/ros/humble/share/rclcpp/cmake)
[0.324s] -- Found rosidl_generator_c: 3.1.5 (/opt/ros/humble/share/rosidl_generator_c/cmake)
[0.328s] -- Found rosidl_adapter: 3.1.5 (/opt/ros/humble/share/rosidl_adapter/cmake)
[0.338s] -- Found rosidl_generator_cpp: 3.1.5 (/opt/ros/humble/share/rosidl_generator_cpp/cmake)
[0.353s] -- Using all available rosidl_typesupport_c: rosidl_typesupport_fastrtps_c;rosidl_typesupport_introspection_c
[0.374s] -- Using all available rosidl_typesupport_cpp: rosidl_typesupport_fastrtps_cpp;rosidl_typesupport_introspection_cpp
[0.428s] -- Found rmw_implementation_cmake: 6.1.2 (/opt/ros/humble/share/rmw_implementation_cmake/cmake)
[0.429s] -- Found rmw_fastrtps_cpp: 6.2.7 (/opt/ros/humble/share/rmw_fastrtps_cpp/cmake)
[0.586s] -- Using RMW implementation 'rmw_fastrtps_cpp' as default
[0.668s] -- Found sensor_msgs: 4.2.4 (/opt/ros/humble/share/sensor_msgs/cmake)
[0.726s] -- Found Boost: /usr/lib/aarch64-linux-gnu/cmake/Boost-1.74.0/BoostConfig.cmake (found version "1.74.0") found components: system 
[0.732s] -- Found ament_lint_auto: 0.12.11 (/opt/ros/humble/share/ament_lint_auto/cmake)
[0.872s] -- Added test 'cppcheck' to perform static code analysis on C / C++ code
[0.873s] -- Configured cppcheck include dirs: /home/orin/Prototype_Military/prototype_military/src/prototype_motor/include
[0.873s] -- Configured cppcheck exclude dirs and/or files: 
[0.874s] -- Added test 'lint_cmake' to check CMake code style
[0.876s] -- Added test 'uncrustify' to check C / C++ code style
[0.876s] -- Configured uncrustify additional arguments: 
[0.877s] -- Added test 'xmllint' to check XML markup files
[0.879s] -- Configuring done
[0.899s] -- Generating done
[0.902s] -- Build files have been written to: /home/orin/Prototype_Military/prototype_military/build/prototype_motor
[0.922s] Invoked command in '/home/orin/Prototype_Military/prototype_military/build/prototype_motor' returned '0': CMAKE_PREFIX_PATH=/opt/ros/humble /usr/bin/cmake /home/orin/Prototype_Military/prototype_military/src/prototype_motor -DCMAKE_INSTALL_PREFIX=/home/orin/Prototype_Military/prototype_military/install/prototype_motor
[0.924s] Invoking command in '/home/orin/Prototype_Military/prototype_military/build/prototype_motor': CMAKE_PREFIX_PATH=/opt/ros/humble /usr/bin/cmake --build /home/orin/Prototype_Military/prototype_military/build/prototype_motor -- -j8 -l8
[1.029s] [ 50%] [32mBuilding CXX object CMakeFiles/nurimotor.dir/src/nurimotor_control.cpp.o[0m
[10.656s] [01m[K/home/orin/Prototype_Military/prototype_military/src/prototype_motor/src/nurimotor_control.cpp:[m[K In member function â€˜[01m[Kvoid MotorControlNode::velocity_callback(geometry_msgs::msg::Twist_<std::allocator<void> >::SharedPtr)[m[Kâ€™:
[10.656s] [01m[K/home/orin/Prototype_Military/prototype_military/src/prototype_motor/src/nurimotor_control.cpp:39:30:[m[K [01;31m[Kerror: [m[Kexpected primary-expression before â€˜[01m[K>[m[Kâ€™ token
[10.657s]    39 |         if (linear_velocity =[01;31m[K>[m[K0){
[10.657s]       |                              [01;31m[K^[m[K
[10.661s] [01m[K/home/orin/Prototype_Military/prototype_military/src/prototype_motor/src/nurimotor_control.cpp:[m[K In function â€˜[01m[Kint main(int, char**)[m[Kâ€™:
[10.661s] [01m[K/home/orin/Prototype_Military/prototype_military/src/prototype_motor/src/nurimotor_control.cpp:82:29:[m[K [01;31m[Kerror: [m[Kexpected â€˜[01m[K;[m[Kâ€™ before â€˜[01m[Kreturn[m[Kâ€™
[10.662s]    82 |     rclcpp::init(argc, argv)
[10.662s]       |                             [01;31m[K^[m[K
[10.662s]       |                             [32m[K;[m[K
[10.662s]    83 |     [32m[Kreturn[m[K 0;
[10.662s]       |     [32m[K~~~~~~[m[K                   
[15.045s] gmake[2]: *** [CMakeFiles/nurimotor.dir/build.make:76: CMakeFiles/nurimotor.dir/src/nurimotor_control.cpp.o] Error 1
[15.046s] gmake[1]: *** [CMakeFiles/Makefile2:137: CMakeFiles/nurimotor.dir/all] Error 2
[15.046s] gmake: *** [Makefile:146: all] Error 2
[15.050s] Invoked command in '/home/orin/Prototype_Military/prototype_military/build/prototype_motor' returned '2': CMAKE_PREFIX_PATH=/opt/ros/humble /usr/bin/cmake --build /home/orin/Prototype_Military/prototype_military/build/prototype_motor -- -j8 -l8
