[0.052s] Invoking command in '/home/pi/Prototype_Military/prototype_military/build/prototype_motor': CMAKE_PREFIX_PATH=/opt/ros/humble /usr/bin/cmake /home/pi/Prototype_Military/prototype_military/src/prototype_motor -DCMAKE_INSTALL_PREFIX=/home/pi/Prototype_Military/prototype_military/install/prototype_motor
[0.895s] -- The C compiler identification is GNU 11.4.0
[1.670s] -- The CXX compiler identification is GNU 11.4.0
[1.721s] -- Detecting C compiler ABI info
[2.050s] -- Detecting C compiler ABI info - done
[2.075s] -- Check for working C compiler: /usr/bin/cc - skipped
[2.083s] -- Detecting C compile features
[2.085s] -- Detecting C compile features - done
[2.100s] -- Detecting CXX compiler ABI info
[2.453s] -- Detecting CXX compiler ABI info - done
[2.479s] -- Check for working CXX compiler: /usr/bin/c++ - skipped
[2.480s] -- Detecting CXX compile features
[2.482s] -- Detecting CXX compile features - done
[2.513s] -- Found ament_cmake: 1.3.10 (/opt/ros/humble/share/ament_cmake/cmake)
[3.343s] -- Found Python3: /usr/bin/python3 (found version "3.10.12") found components: Interpreter 
[3.985s] -- Found rclcpp: 16.0.10 (/opt/ros/humble/share/rclcpp/cmake)
[4.365s] -- Found rosidl_generator_c: 3.1.5 (/opt/ros/humble/share/rosidl_generator_c/cmake)
[4.417s] -- Found rosidl_adapter: 3.1.5 (/opt/ros/humble/share/rosidl_adapter/cmake)
[4.506s] -- Found rosidl_generator_cpp: 3.1.5 (/opt/ros/humble/share/rosidl_generator_cpp/cmake)
[4.617s] -- Using all available rosidl_typesupport_c: rosidl_typesupport_fastrtps_c;rosidl_typesupport_introspection_c
[4.736s] -- Using all available rosidl_typesupport_cpp: rosidl_typesupport_fastrtps_cpp;rosidl_typesupport_introspection_cpp
[5.124s] -- Found rmw_implementation_cmake: 6.1.2 (/opt/ros/humble/share/rmw_implementation_cmake/cmake)
[5.148s] -- Found rmw_fastrtps_cpp: 6.2.7 (/opt/ros/humble/share/rmw_fastrtps_cpp/cmake)
[5.691s] -- Found OpenSSL: /usr/lib/aarch64-linux-gnu/libcrypto.so (found version "3.0.2")  
[5.830s] -- Found FastRTPS: /opt/ros/humble/include  
[6.039s] -- Using RMW implementation 'rmw_fastrtps_cpp' as default
[6.134s] -- Looking for pthread.h
[6.510s] -- Looking for pthread.h - found
[6.513s] -- Performing Test CMAKE_HAVE_LIBC_PTHREAD
[6.837s] -- Performing Test CMAKE_HAVE_LIBC_PTHREAD - Success
[6.842s] -- Found Threads: TRUE  
[7.221s] -- Found sensor_msgs: 4.2.4 (/opt/ros/humble/share/sensor_msgs/cmake)
[7.426s] -- Found ament_lint_auto: 0.12.11 (/opt/ros/humble/share/ament_lint_auto/cmake)
[7.880s] -- Added test 'cppcheck' to perform static code analysis on C / C++ code
[7.881s] -- Configured cppcheck include dirs: /home/pi/Prototype_Military/prototype_military/src/prototype_motor/include
[7.881s] -- Configured cppcheck exclude dirs and/or files: 
[7.886s] -- Added test 'lint_cmake' to check CMake code style
[7.893s] -- Added test 'uncrustify' to check C / C++ code style
[7.893s] -- Configured uncrustify additional arguments: 
[7.896s] -- Added test 'xmllint' to check XML markup files
[7.905s] -- Configuring done
[7.975s] -- Generating done
[7.983s] -- Build files have been written to: /home/pi/Prototype_Military/prototype_military/build/prototype_motor
[8.014s] Invoked command in '/home/pi/Prototype_Military/prototype_military/build/prototype_motor' returned '0': CMAKE_PREFIX_PATH=/opt/ros/humble /usr/bin/cmake /home/pi/Prototype_Military/prototype_military/src/prototype_motor -DCMAKE_INSTALL_PREFIX=/home/pi/Prototype_Military/prototype_military/install/prototype_motor
[8.025s] Invoking command in '/home/pi/Prototype_Military/prototype_military/build/prototype_motor': CMAKE_PREFIX_PATH=/opt/ros/humble /usr/bin/cmake --build /home/pi/Prototype_Military/prototype_military/build/prototype_motor -- -j4 -l4
[8.217s] [ 50%] [32mBuilding CXX object CMakeFiles/nurimotor.dir/src/nurimotor_control.cpp.o[0m
[10.563s] [01m[K/home/pi/Prototype_Military/prototype_military/src/prototype_motor/src/nurimotor_control.cpp:3:10:[m[K [01;31m[Kfatal error: [m[Kboost/asio.hpp: No such file or directory
[10.563s]     3 | #include [01;31m[K<boost/asio.hpp>[m[K
[10.563s]       |          [01;31m[K^~~~~~~~~~~~~~~~[m[K
[10.564s] compilation terminated.
[10.577s] gmake[2]: *** [CMakeFiles/nurimotor.dir/build.make:76: CMakeFiles/nurimotor.dir/src/nurimotor_control.cpp.o] Error 1
[10.578s] gmake[1]: *** [CMakeFiles/Makefile2:137: CMakeFiles/nurimotor.dir/all] Error 2
[10.578s] gmake: *** [Makefile:146: all] Error 2
[10.588s] Invoked command in '/home/pi/Prototype_Military/prototype_military/build/prototype_motor' returned '2': CMAKE_PREFIX_PATH=/opt/ros/humble /usr/bin/cmake --build /home/pi/Prototype_Military/prototype_military/build/prototype_motor -- -j4 -l4
